<?xml version="1.0" encoding="UTF-8"?>
<!-- Generated by org.testng.reporters.JUnitReportReporter -->
<testsuite hostname="MAVCHN0522188" failures="0" tests="4" name="saucedemoTest.SauceTest" time="34.151" errors="0" timestamp="2023-02-28T22:06:01 IST" skipped="0">
  <testcase classname="saucedemoTest.SauceTest" name="selectMultiProduct" time="10.401"/>
  <system-out/>
  <testcase classname="saucedemoTest.SauceTest" name="validateValidLogin" time="4.103"/>
  <system-out/>
  <testcase classname="saucedemoTest.SauceTest" name="validInvalidLogin" time="15.202"/>
  <system-out/>
  <testcase classname="saucedemoTest.SauceTest" name="selectSingleProduct" time="4.445"/>
  <system-out/>
</testsuite> <!-- saucedemoTest.SauceTest -->
